<?xml version="1.0" encoding="utf-8"?><testsuites name="pytest tests"><testsuite name="pytest" errors="0" failures="3" skipped="0" tests="9" time="202.663" timestamp="2026-04-10T06:54:14.549970+00:00" hostname="agent-env-d8face80-5ad6-4d23-97d7-62833eeda133"><testcase classname="backend.tests.test_cbp_rebranding.TestHealthAndStatus" name="test_health_check_cbp_branding" time="0.191" /><testcase classname="backend.tests.test_cbp_rebranding.TestHealthAndStatus" name="test_service_status" time="0.209" /><testcase classname="backend.tests.test_cbp_rebranding.TestIngestEndpoint" name="test_ingest_cbp_training_documents" time="1.473" /><testcase classname="backend.tests.test_cbp_rebranding.TestChatEndpoint" name="test_chat_cbp_inspection_query" time="60.116"><failure message="assert 502 == 200&#10; +  where 502 = &lt;Response [502]&gt;.status_code">backend/tests/test_cbp_rebranding.py:55: in test_chat_cbp_inspection_query
    assert response.status_code == 200
E   assert 502 == 200
E    +  where 502 = &lt;Response [502]&gt;.status_code</failure></testcase><testcase classname="backend.tests.test_cbp_rebranding.TestChatEndpoint" name="test_chat_document_verification_query" time="60.219"><failure message="assert 502 == 200&#10; +  where 502 = &lt;Response [502]&gt;.status_code">backend/tests/test_cbp_rebranding.py:91: in test_chat_document_verification_query
    assert response.status_code == 200
E   assert 502 == 200
E    +  where 502 = &lt;Response [502]&gt;.status_code</failure></testcase><testcase classname="backend.tests.test_cbp_rebranding.TestChatEndpoint" name="test_chat_customs_query" time="60.210"><failure message="assert 502 == 200&#10; +  where 502 = &lt;Response [502]&gt;.status_code">backend/tests/test_cbp_rebranding.py:103: in test_chat_customs_query
    assert response.status_code == 200
E   assert 502 == 200
E    +  where 502 = &lt;Response [502]&gt;.status_code</failure></testcase><testcase classname="backend.tests.test_cbp_rebranding.TestAnalyticsEndpoints" name="test_usage_analytics" time="19.622" /><testcase classname="backend.tests.test_cbp_rebranding.TestAnalyticsEndpoints" name="test_rag_performance_analytics" time="0.162" /><testcase classname="backend.tests.test_cbp_rebranding.TestSessionManagement" name="test_create_and_list_sessions" time="0.374" /></testsuite></testsuites>