<?xml version="1.0" encoding="utf-8"?><testsuites name="pytest tests"><testsuite name="pytest" errors="0" failures="0" skipped="0" tests="14" time="2.182" timestamp="2026-02-22T02:20:33.638808+00:00" hostname="agent-env-4dd3d4f8-0abf-40c7-8346-89cafc0c3d11"><testcase classname="tests.test_analytics.TestHealthEndpoints" name="test_api_health" time="0.163" /><testcase classname="tests.test_analytics.TestHealthEndpoints" name="test_service_status" time="0.216" /><testcase classname="tests.test_analytics.TestAnalyticsUsageEndpoint" name="test_analytics_usage_returns_200" time="0.112" /><testcase classname="tests.test_analytics.TestAnalyticsUsageEndpoint" name="test_analytics_usage_has_summary" time="0.119" /><testcase classname="tests.test_analytics.TestAnalyticsUsageEndpoint" name="test_analytics_usage_has_feedback" time="0.121" /><testcase classname="tests.test_analytics.TestAnalyticsUsageEndpoint" name="test_analytics_usage_has_time_series" time="0.159" /><testcase classname="tests.test_analytics.TestAnalyticsRagPerformanceEndpoint" name="test_rag_performance_returns_200" time="0.140" /><testcase classname="tests.test_analytics.TestAnalyticsRagPerformanceEndpoint" name="test_rag_performance_has_summary" time="0.113" /><testcase classname="tests.test_analytics.TestAnalyticsRagPerformanceEndpoint" name="test_rag_performance_has_score_distribution" time="0.132" /><testcase classname="tests.test_analytics.TestAnalyticsRagPerformanceEndpoint" name="test_rag_performance_has_latency_distribution" time="0.141" /><testcase classname="tests.test_analytics.TestAnalyticsRagPerformanceEndpoint" name="test_rag_performance_has_recent_responses" time="0.128" /><testcase classname="tests.test_analytics.TestAnalyticsRagPerformanceEndpoint" name="test_rag_performance_has_performance_per_day" time="0.124" /><testcase classname="tests.test_analytics.TestChatEndpoints" name="test_sessions_list" time="0.128" /><testcase classname="tests.test_analytics.TestChatEndpoints" name="test_create_session" time="0.317" /></testsuite></testsuites>