<?xml version="1.0" encoding="utf-8"?><testsuites name="pytest tests"><testsuite name="pytest" errors="0" failures="0" skipped="0" tests="17" time="3.025" timestamp="2026-03-23T03:05:15.356604+00:00" hostname="agent-env-d8face80-5ad6-4d23-97d7-62833eeda133"><testcase classname="tests.test_analytics.TestHealthAndStatus" name="test_health_check" time="0.192" /><testcase classname="tests.test_analytics.TestHealthAndStatus" name="test_service_status" time="0.308" /><testcase classname="tests.test_analytics.TestAnalyticsUsageAPI" name="test_usage_analytics_returns_200" time="0.130" /><testcase classname="tests.test_analytics.TestAnalyticsUsageAPI" name="test_usage_analytics_summary_structure" time="0.126" /><testcase classname="tests.test_analytics.TestAnalyticsUsageAPI" name="test_usage_analytics_messages_over_time" time="0.116" /><testcase classname="tests.test_analytics.TestAnalyticsUsageAPI" name="test_usage_analytics_sessions_over_time" time="0.125" /><testcase classname="tests.test_analytics.TestAnalyticsUsageAPI" name="test_usage_analytics_feedback_distribution" time="0.110" /><testcase classname="tests.test_analytics.TestAnalyticsRAGPerformanceAPI" name="test_rag_analytics_returns_200" time="0.185" /><testcase classname="tests.test_analytics.TestAnalyticsRAGPerformanceAPI" name="test_rag_analytics_summary_structure" time="0.145" /><testcase classname="tests.test_analytics.TestAnalyticsRAGPerformanceAPI" name="test_rag_analytics_latency_over_time" time="0.122" /><testcase classname="tests.test_analytics.TestAnalyticsRAGPerformanceAPI" name="test_rag_analytics_score_distribution" time="0.123" /><testcase classname="tests.test_analytics.TestAnalyticsRAGPerformanceAPI" name="test_rag_analytics_latency_distribution" time="0.203" /><testcase classname="tests.test_analytics.TestSessionsAPI" name="test_list_sessions" time="0.114" /><testcase classname="tests.test_analytics.TestSessionsAPI" name="test_create_session" time="0.132" /><testcase classname="tests.test_analytics.TestSessionsAPI" name="test_get_session_detail" time="0.248" /><testcase classname="tests.test_analytics.TestSessionsAPI" name="test_delete_session" time="0.370" /><testcase classname="tests.test_analytics.TestRemoteQdrantConnection" name="test_qdrant_connected_via_status" time="0.198" /></testsuite></testsuites>