<?xml version="1.0" encoding="utf-8"?><testsuites name="pytest tests"><testsuite name="pytest" errors="0" failures="0" skipped="5" tests="16" time="102.423" timestamp="2026-03-23T03:34:37.985370+00:00" hostname="agent-env-d8face80-5ad6-4d23-97d7-62833eeda133"><testcase classname="backend.tests.test_rating_system.TestRatingAPI" name="test_rating_5_stars" time="60.197"><skipped type="pytest.skip" message="Could not create test message: 502">/app/backend/tests/test_rating_system.py:46: Could not create test message: 502</skipped></testcase><testcase classname="backend.tests.test_rating_system.TestRatingAPI" name="test_rating_4_stars" time="0.000"><skipped type="pytest.skip" message="Could not create test message: 502">/app/backend/tests/test_rating_system.py:59: Could not create test message: 502</skipped></testcase><testcase classname="backend.tests.test_rating_system.TestRatingAPI" name="test_rating_3_stars" time="0.000"><skipped type="pytest.skip" message="Could not create test message: 502">/app/backend/tests/test_rating_system.py:72: Could not create test message: 502</skipped></testcase><testcase classname="backend.tests.test_rating_system.TestRatingAPI" name="test_rating_2_stars" time="0.000"><skipped type="pytest.skip" message="Could not create test message: 502">/app/backend/tests/test_rating_system.py:85: Could not create test message: 502</skipped></testcase><testcase classname="backend.tests.test_rating_system.TestRatingAPI" name="test_rating_1_star" time="0.000"><skipped type="pytest.skip" message="Could not create test message: 502">/app/backend/tests/test_rating_system.py:98: Could not create test message: 502</skipped></testcase><testcase classname="backend.tests.test_rating_system.TestRatingValidation" name="test_rating_0_rejected" time="39.509" /><testcase classname="backend.tests.test_rating_system.TestRatingValidation" name="test_rating_6_rejected" time="0.257" /><testcase classname="backend.tests.test_rating_system.TestRatingValidation" name="test_rating_negative_rejected" time="0.170" /><testcase classname="backend.tests.test_rating_system.TestRatingValidation" name="test_rating_100_rejected" time="0.154" /><testcase classname="backend.tests.test_rating_system.TestRatingValidation" name="test_rating_null_accepted" time="0.205" /><testcase classname="backend.tests.test_rating_system.TestRatingValidation" name="test_nonexistent_message_404" time="0.469" /><testcase classname="backend.tests.test_rating_system.TestUsageAnalyticsRating" name="test_usage_analytics_has_rating_distribution" time="0.419" /><testcase classname="backend.tests.test_rating_system.TestUsageAnalyticsRating" name="test_usage_analytics_has_avg_rating" time="0.478" /><testcase classname="backend.tests.test_rating_system.TestUsageAnalyticsRating" name="test_usage_analytics_has_total_rated" time="0.118" /><testcase classname="backend.tests.test_rating_system.TestUsageAnalyticsRating" name="test_rating_distribution_consistency" time="0.226" /><testcase classname="backend.tests.test_rating_system.TestExistingRatedMessage" name="test_existing_rated_message" time="0.146" /></testsuite></testsuites>