<?xml version="1.0" encoding="utf-8"?><testsuites name="pytest tests"><testsuite name="pytest" errors="0" failures="0" skipped="0" tests="13" time="211.358" timestamp="2026-03-23T03:53:46.523036+00:00" hostname="agent-env-d8face80-5ad6-4d23-97d7-62833eeda133"><testcase classname="tests.test_websocket_streaming.TestHTTPAPIs" name="test_status_endpoint" time="0.417" /><testcase classname="tests.test_websocket_streaming.TestHTTPAPIs" name="test_chat_endpoint_rest" time="47.806" /><testcase classname="tests.test_websocket_streaming.TestHTTPAPIs" name="test_sessions_list" time="0.220" /><testcase classname="tests.test_websocket_streaming.TestHTTPAPIs" name="test_analytics_usage" time="0.129" /><testcase classname="tests.test_websocket_streaming.TestWebSocketConnection" name="test_websocket_connection_local" time="0.003" /><testcase classname="tests.test_websocket_streaming.TestWebSocketConnection" name="test_websocket_ping_pong" time="0.002" /><testcase classname="tests.test_websocket_streaming.TestWebSocketConnection" name="test_websocket_invalid_json" time="0.002" /><testcase classname="tests.test_websocket_streaming.TestWebSocketConnection" name="test_websocket_empty_message" time="0.002" /><testcase classname="tests.test_websocket_streaming.TestWebSocketStreaming" name="test_streaming_message_flow" time="37.504" /><testcase classname="tests.test_websocket_streaming.TestWebSocketStreaming" name="test_streaming_status_updates" time="42.200" /><testcase classname="tests.test_websocket_streaming.TestWebSocketStreaming" name="test_streaming_chunks_accumulate" time="37.669" /><testcase classname="tests.test_websocket_streaming.TestDashboard" name="test_dashboard_analytics" time="0.351" /><testcase classname="tests.test_websocket_streaming.TestRatingSystem" name="test_rating_submission" time="44.980" /></testsuite></testsuites>